11:25:01.981 [main] INFO  testCases.TC001_AccountResgistartionTest - Register link click
11:25:03.129 [main] INFO  testCases.TC001_AccountResgistartionTest - Providing details
11:25:06.077 [main] INFO  testCases.TC001_AccountResgistartionTest - Validating message
11:25:06.217 [main] INFO  testCases.TC001_AccountResgistartionTest - ** TEST COMPLETED **
11:25:24.943 [main] INFO  testCases.TC001_AccountResgistartionTest - ** STARTING TC001_AccountResgistartionTest **
11:25:24.946 [main] INFO  testCases.TC001_AccountResgistartionTest - My Account link click
11:25:25.573 [main] INFO  testCases.TC001_AccountResgistartionTest - Register link click
11:25:26.277 [main] INFO  testCases.TC001_AccountResgistartionTest - Providing details
11:25:29.646 [main] INFO  testCases.TC001_AccountResgistartionTest - Validating message
11:25:29.827 [main] INFO  testCases.TC001_AccountResgistartionTest - ** TEST COMPLETED **
11:29:23.051 [TestNG-tests-1] INFO  testCases.TC001_AccountResgistartionTest - ** STARTING TC001_AccountResgistartionTest **
11:29:23.566 [TestNG-tests-1] INFO  testCases.TC001_AccountResgistartionTest - My Account link click
11:29:25.603 [TestNG-tests-1] INFO  testCases.TC001_AccountResgistartionTest - Register link click
11:29:28.307 [TestNG-tests-1] INFO  testCases.TC001_AccountResgistartionTest - Providing details
11:29:33.405 [TestNG-tests-1] INFO  testCases.TC001_AccountResgistartionTest - Validating message
11:29:34.488 [TestNG-tests-1] INFO  testCases.TC001_AccountResgistartionTest - ** TEST COMPLETED **
11:29:35.563 [TestNG-tests-2] INFO  testCases.TC001_AccountResgistartionTest - ** STARTING TC001_AccountResgistartionTest **
11:29:35.566 [TestNG-tests-2] INFO  testCases.TC001_AccountResgistartionTest - My Account link click
11:29:36.672 [TestNG-tests-2] INFO  testCases.TC001_AccountResgistartionTest - Register link click
11:29:37.601 [TestNG-tests-2] INFO  testCases.TC001_AccountResgistartionTest - Providing details
11:29:42.182 [TestNG-tests-2] INFO  testCases.TC001_AccountResgistartionTest - Validating message
11:29:42.581 [TestNG-tests-2] INFO  testCases.TC001_AccountResgistartionTest - ** TEST COMPLETED **
11:55:35.697 [TestNG-tests-1] INFO  testCases.TC001_AccountResgistartionTest - ** STARTING TC001_AccountResgistartionTest **
11:55:36.009 [TestNG-tests-1] INFO  testCases.TC001_AccountResgistartionTest - My Account link click
11:55:37.638 [TestNG-tests-1] INFO  testCases.TC001_AccountResgistartionTest - Register link click
11:55:39.162 [TestNG-tests-1] INFO  testCases.TC001_AccountResgistartionTest - Providing details
11:55:44.350 [TestNG-tests-1] INFO  testCases.TC001_AccountResgistartionTest - Validating message
11:55:44.587 [TestNG-tests-1] INFO  testCases.TC001_AccountResgistartionTest - ** TEST COMPLETED **
11:58:16.664 [TestNG-tests-1] INFO  testCases.TC001_AccountResgistartionTest - ** STARTING TC001_AccountResgistartionTest **
11:58:17.103 [TestNG-tests-1] INFO  testCases.TC001_AccountResgistartionTest - My Account link click
11:58:19.225 [TestNG-tests-1] INFO  testCases.TC001_AccountResgistartionTest - Register link click
11:58:21.344 [TestNG-tests-1] INFO  testCases.TC001_AccountResgistartionTest - Providing details
11:58:25.945 [TestNG-tests-1] INFO  testCases.TC001_AccountResgistartionTest - Validating message
11:58:26.124 [TestNG-tests-1] INFO  testCases.TC001_AccountResgistartionTest - ** TEST COMPLETED **
13:06:09.499 [main] INFO  testCases.TC002_LoginTest - **** TC002_LoginTest started ****
14:29:47.839 [main] INFO  testCases.TC002_LoginTest - **** TC002_LoginTest started ****
14:29:53.065 [main] INFO  testCases.TC002_LoginTest - **** TC002_LoginTest Completed ****
14:30:47.596 [main] INFO  testCases.TC002_LoginTest - **** TC002_LoginTest started ****
14:30:50.897 [main] INFO  testCases.TC002_LoginTest - **** TC002_LoginTest Completed ****
14:32:04.989 [main] INFO  testCases.TC003_LoginDDTest - **** TC003_LoginDDTest started ****
14:32:07.836 [main] INFO  testCases.TC003_LoginDDTest - **** TC003_LoginDDTest Ended ****
14:32:07.873 [main] INFO  testCases.TC003_LoginDDTest - **** TC003_LoginDDTest started ****
14:32:19.623 [main] INFO  testCases.TC003_LoginDDTest - **** TC003_LoginDDTest Ended ****
14:32:19.640 [main] INFO  testCases.TC003_LoginDDTest - **** TC003_LoginDDTest started ****
14:32:31.748 [main] INFO  testCases.TC003_LoginDDTest - **** TC003_LoginDDTest Ended ****
14:32:31.760 [main] INFO  testCases.TC003_LoginDDTest - **** TC003_LoginDDTest started ****
14:32:43.278 [main] INFO  testCases.TC003_LoginDDTest - **** TC003_LoginDDTest Ended ****
14:32:43.345 [main] INFO  testCases.TC003_LoginDDTest - **** TC003_LoginDDTest started ****
14:32:45.742 [main] INFO  testCases.TC003_LoginDDTest - **** TC003_LoginDDTest Ended ****
14:37:45.583 [main] INFO  testCases.TC003_LoginDDTest - **** TC003_LoginDDTest started ****
14:37:48.538 [main] INFO  testCases.TC003_LoginDDTest - **** TC003_LoginDDTest Ended ****
14:37:48.564 [main] INFO  testCases.TC003_LoginDDTest - **** TC003_LoginDDTest started ****
