10:40:13.387 [main] INFO  testCases.TC001_AccountResgistartionTest - ** STARTING TC001_AccountResgistartionTest **
10:40:13.656 [main] INFO  testCases.TC001_AccountResgistartionTest - My Account link click
10:40:16.495 [main] INFO  testCases.TC001_AccountResgistartionTest - Register link click
10:40:17.324 [main] INFO  testCases.TC001_AccountResgistartionTest - Providind details
10:40:20.498 [main] INFO  testCases.TC001_AccountResgistartionTest - Validating message
10:43:03.676 [main] INFO  testCases.TC001_AccountResgistartionTest - ** STARTING TC001_AccountResgistartionTest **
10:43:03.770 [main] INFO  testCases.TC001_AccountResgistartionTest - My Account link click
10:43:04.001 [main] INFO  testCases.TC001_AccountResgistartionTest - Register link click
10:43:05.069 [main] INFO  testCases.TC001_AccountResgistartionTest - Providing details
10:43:08.066 [main] INFO  testCases.TC001_AccountResgistartionTest - Validating message
10:44:59.484 [main] INFO  testCases.TC001_AccountResgistartionTest - ** STARTING TC001_AccountResgistartionTest **
10:44:59.548 [main] INFO  testCases.TC001_AccountResgistartionTest - My Account link click
10:45:00.511 [main] INFO  testCases.TC001_AccountResgistartionTest - Register link click
10:45:01.517 [main] INFO  testCases.TC001_AccountResgistartionTest - Providing details
10:45:04.092 [main] INFO  testCases.TC001_AccountResgistartionTest - Validating message
10:46:01.704 [main] INFO  testCases.TC001_AccountResgistartionTest - ** STARTING TC001_AccountResgistartionTest **
10:46:01.817 [main] INFO  testCases.TC001_AccountResgistartionTest - My Account link click
10:46:02.206 [main] INFO  testCases.TC001_AccountResgistartionTest - Register link click
10:46:03.136 [main] INFO  testCases.TC001_AccountResgistartionTest - Providing details
10:46:05.706 [main] INFO  testCases.TC001_AccountResgistartionTest - Validating message
10:46:05.853 [main] INFO  testCases.TC001_AccountResgistartionTest - ** TEST COMPLETED **
10:58:33.956 [main] INFO  testCases.TC001_AccountResgistartionTest - ** STARTING TC001_AccountResgistartionTest **
10:58:34.043 [main] INFO  testCases.TC001_AccountResgistartionTest - My Account link click
10:58:34.239 [main] INFO  testCases.TC001_AccountResgistartionTest - Register link click
10:58:35.186 [main] INFO  testCases.TC001_AccountResgistartionTest - Providing details
10:58:37.643 [main] INFO  testCases.TC001_AccountResgistartionTest - Validating message
10:58:37.771 [main] ERROR testCases.TC001_AccountResgistartionTest - Error logs
11:17:34.223 [main] INFO  testCases.TC001_AccountResgistartionTest - ** STARTING TC001_AccountResgistartionTest **
11:17:34.717 [main] INFO  testCases.TC001_AccountResgistartionTest - My Account link click
11:17:35.058 [main] INFO  testCases.TC001_AccountResgistartionTest - Register link click
11:17:35.856 [main] INFO  testCases.TC001_AccountResgistartionTest - Providing details
11:17:39.459 [main] INFO  testCases.TC001_AccountResgistartionTest - Validating message
11:17:39.594 [main] ERROR testCases.TC001_AccountResgistartionTest - Error logs
11:22:06.433 [main] INFO  testCases.TC001_AccountResgistartionTest - ** STARTING TC001_AccountResgistartionTest **
11:22:06.572 [main] INFO  testCases.TC001_AccountResgistartionTest - My Account link click
11:22:07.797 [main] INFO  testCases.TC001_AccountResgistartionTest - Register link click
11:22:08.799 [main] INFO  testCases.TC001_AccountResgistartionTest - Providing details
11:22:11.942 [main] INFO  testCases.TC001_AccountResgistartionTest - Validating message
11:22:12.128 [main] INFO  testCases.TC001_AccountResgistartionTest - ** TEST COMPLETED **
11:22:32.243 [main] INFO  testCases.TC001_AccountResgistartionTest - ** STARTING TC001_AccountResgistartionTest **
11:22:32.244 [main] INFO  testCases.TC001_AccountResgistartionTest - My Account link click
11:22:33.016 [main] INFO  testCases.TC001_AccountResgistartionTest - Register link click
11:22:33.988 [main] INFO  testCases.TC001_AccountResgistartionTest - Providing details
11:22:37.184 [main] INFO  testCases.TC001_AccountResgistartionTest - Validating message
11:22:37.351 [main] INFO  testCases.TC001_AccountResgistartionTest - ** TEST COMPLETED **
11:24:01.425 [main] INFO  testCases.TC001_AccountResgistartionTest - ** STARTING TC001_AccountResgistartionTest **
11:24:01.426 [main] INFO  testCases.TC001_AccountResgistartionTest - My Account link click
11:24:03.259 [main] INFO  testCases.TC001_AccountResgistartionTest - Register link click
11:24:06.270 [main] INFO  testCases.TC001_AccountResgistartionTest - Providing details
11:24:09.273 [main] INFO  testCases.TC001_AccountResgistartionTest - Validating message
11:24:09.635 [main] INFO  testCases.TC001_AccountResgistartionTest - ** TEST COMPLETED **
11:25:00.735 [main] INFO  testCases.TC001_AccountResgistartionTest - ** STARTING TC001_AccountResgistartionTest **
11:25:00.848 [main] INFO  testCases.TC001_AccountResgistartionTest - My Account link click
