14:38:00.146 [main] INFO  testCases.TC003_LoginDDTest - **** TC003_LoginDDTest Ended ****
14:38:00.233 [main] INFO  testCases.TC003_LoginDDTest - **** TC003_LoginDDTest started ****
14:38:12.501 [main] INFO  testCases.TC003_LoginDDTest - **** TC003_LoginDDTest Ended ****
14:38:12.515 [main] INFO  testCases.TC003_LoginDDTest - **** TC003_LoginDDTest started ****
14:38:24.199 [main] INFO  testCases.TC003_LoginDDTest - **** TC003_LoginDDTest Ended ****
14:38:24.230 [main] INFO  testCases.TC003_LoginDDTest - **** TC003_LoginDDTest started ****
14:38:26.512 [main] INFO  testCases.TC003_LoginDDTest - **** TC003_LoginDDTest Ended ****
14:44:05.059 [main] INFO  testCases.TC003_LoginDDTest - **** TC003_LoginDDTest started ****
14:44:08.327 [main] INFO  testCases.TC003_LoginDDTest - **** TC003_LoginDDTest Ended ****
14:44:08.347 [main] INFO  testCases.TC003_LoginDDTest - **** TC003_LoginDDTest started ****
14:44:20.112 [main] INFO  testCases.TC003_LoginDDTest - **** TC003_LoginDDTest Ended ****
14:44:20.156 [main] INFO  testCases.TC003_LoginDDTest - **** TC003_LoginDDTest started ****
14:44:32.677 [main] INFO  testCases.TC003_LoginDDTest - **** TC003_LoginDDTest started ****
14:44:44.219 [main] INFO  testCases.TC003_LoginDDTest - **** TC003_LoginDDTest Ended ****
14:44:44.234 [main] INFO  testCases.TC003_LoginDDTest - **** TC003_LoginDDTest started ****
14:44:46.770 [main] INFO  testCases.TC003_LoginDDTest - **** TC003_LoginDDTest Ended ****
15:21:47.835 [main] INFO  testCases.TC001_AccountResgistartionTest - ** STARTING TC001_AccountResgistartionTest **
15:21:48.293 [main] INFO  testCases.TC001_AccountResgistartionTest - My Account link click
15:21:49.120 [main] INFO  testCases.TC001_AccountResgistartionTest - Register link click
15:21:50.091 [main] INFO  testCases.TC001_AccountResgistartionTest - Providing details
15:21:53.154 [main] INFO  testCases.TC001_AccountResgistartionTest - Validating message
15:21:53.436 [main] INFO  testCases.TC001_AccountResgistartionTest - ** TEST COMPLETED **
15:22:04.309 [main] INFO  testCases.TC002_LoginTest - **** TC002_LoginTest started ****
15:22:07.359 [main] INFO  testCases.TC002_LoginTest - **** TC002_LoginTest Completed ****
11:36:05.333 [main] INFO  testCases.TC001_AccountResgistartionTest - ** STARTING TC001_AccountResgistartionTest **
11:36:05.676 [main] INFO  testCases.TC001_AccountResgistartionTest - My Account link click
11:36:06.887 [main] INFO  testCases.TC001_AccountResgistartionTest - Register link click
11:36:09.216 [main] INFO  testCases.TC001_AccountResgistartionTest - Providing details
11:36:14.058 [main] INFO  testCases.TC001_AccountResgistartionTest - Validating message
11:36:16.765 [main] INFO  testCases.TC001_AccountResgistartionTest - ** TEST COMPLETED **
11:36:34.471 [main] INFO  testCases.TC002_LoginTest - **** TC002_LoginTest started ****
11:36:36.869 [main] INFO  testCases.TC002_LoginTest - **** TC002_LoginTest Completed ****
11:38:14.064 [main] INFO  testCases.TC001_AccountResgistartionTest - ** STARTING TC001_AccountResgistartionTest **
11:38:14.200 [main] INFO  testCases.TC001_AccountResgistartionTest - My Account link click
11:38:14.600 [main] INFO  testCases.TC001_AccountResgistartionTest - Register link click
11:38:15.663 [main] INFO  testCases.TC001_AccountResgistartionTest - Providing details
11:38:18.055 [main] INFO  testCases.TC001_AccountResgistartionTest - Validating message
11:38:18.167 [main] INFO  testCases.TC001_AccountResgistartionTest - ** TEST COMPLETED **
11:38:31.062 [main] INFO  testCases.TC002_LoginTest - **** TC002_LoginTest started ****
11:47:03.860 [main] INFO  testCases.TC002_LoginTest - **** TC002_LoginTest started ****
11:47:06.838 [main] INFO  testCases.TC002_LoginTest - **** TC002_LoginTest Completed ****
11:12:14.234 [main] INFO  testCases.TC001_AccountResgistartionTest - ** STARTING TC001_AccountResgistartionTest **
11:12:14.733 [main] INFO  testCases.TC001_AccountResgistartionTest - My Account link click
11:12:16.306 [main] INFO  testCases.TC001_AccountResgistartionTest - Register link click
11:12:17.976 [main] INFO  testCases.TC001_AccountResgistartionTest - Providing details
11:12:21.557 [main] INFO  testCases.TC001_AccountResgistartionTest - Validating message
11:12:21.908 [main] INFO  testCases.TC001_AccountResgistartionTest - ** TEST COMPLETED **
11:20:03.958 [main] INFO  testCases.TC001_AccountResgistartionTest - ** STARTING TC001_AccountResgistartionTest **
11:20:04.342 [main] INFO  testCases.TC001_AccountResgistartionTest - My Account link click
11:20:05.592 [main] INFO  testCases.TC001_AccountResgistartionTest - Register link click
11:20:07.401 [main] INFO  testCases.TC001_AccountResgistartionTest - Providing details
11:20:12.101 [main] INFO  testCases.TC001_AccountResgistartionTest - Validating message
11:20:12.348 [main] INFO  testCases.TC001_AccountResgistartionTest - ** TEST COMPLETED **
11:22:01.719 [main] INFO  testCases.TC001_AccountResgistartionTest - ** STARTING TC001_AccountResgistartionTest **
